Determining if the pthread_create exist failed with the following output:
Change Dir: /home/exchizz/ROS/Projects/UAV/mavlink/build/CMakeFiles/CMakeTmp

Run Build Command:/usr/bin/make "cmTryCompileExec3362187866/fast"
/usr/bin/make -f CMakeFiles/cmTryCompileExec3362187866.dir/build.make CMakeFiles/cmTryCompileExec3362187866.dir/build
make[1]: Går til katalog '/home/exchizz/ROS/Projects/UAV/mavlink/build/CMakeFiles/CMakeTmp'
/usr/bin/cmake -E cmake_progress_report /home/exchizz/ROS/Projects/UAV/mavlink/build/CMakeFiles/CMakeTmp/CMakeFiles 1
Building C object CMakeFiles/cmTryCompileExec3362187866.dir/CheckSymbolExists.c.o
/usr/bin/cc    -o CMakeFiles/cmTryCompileExec3362187866.dir/CheckSymbolExists.c.o   -c /home/exchizz/ROS/Projects/UAV/mavlink/build/CMakeFiles/CMakeTmp/CheckSymbolExists.c
Linking C executable cmTryCompileExec3362187866
/usr/bin/cmake -E cmake_link_script CMakeFiles/cmTryCompileExec3362187866.dir/link.txt --verbose=1
/usr/bin/cc       CMakeFiles/cmTryCompileExec3362187866.dir/CheckSymbolExists.c.o  -o cmTryCompileExec3362187866 -rdynamic 
CMakeFiles/cmTryCompileExec3362187866.dir/CheckSymbolExists.c.o: I funktionen "main":
CheckSymbolExists.c:(.text+0x16): undefined reference to `pthread_create'
collect2: error: ld returned 1 exit status
make[1]: *** [cmTryCompileExec3362187866] Fejl 1
make[1]: Forlader katalog '/home/exchizz/ROS/Projects/UAV/mavlink/build/CMakeFiles/CMakeTmp'
make: *** [cmTryCompileExec3362187866/fast] Fejl 2

File /home/exchizz/ROS/Projects/UAV/mavlink/build/CMakeFiles/CMakeTmp/CheckSymbolExists.c:
/* */
#include <pthread.h>

int main(int argc, char** argv)
{
  (void)argv;
#ifndef pthread_create
  return ((int*)(&pthread_create))[argc];
#else
  (void)argc;
  return 0;
#endif
}

Determining if the function pthread_create exists in the pthreads failed with the following output:
Change Dir: /home/exchizz/ROS/Projects/UAV/mavlink/build/CMakeFiles/CMakeTmp

Run Build Command:/usr/bin/make "cmTryCompileExec1357685479/fast"
/usr/bin/make -f CMakeFiles/cmTryCompileExec1357685479.dir/build.make CMakeFiles/cmTryCompileExec1357685479.dir/build
make[1]: Går til katalog '/home/exchizz/ROS/Projects/UAV/mavlink/build/CMakeFiles/CMakeTmp'
/usr/bin/cmake -E cmake_progress_report /home/exchizz/ROS/Projects/UAV/mavlink/build/CMakeFiles/CMakeTmp/CMakeFiles 1
Building C object CMakeFiles/cmTryCompileExec1357685479.dir/CheckFunctionExists.c.o
/usr/bin/cc   -DCHECK_FUNCTION_EXISTS=pthread_create   -o CMakeFiles/cmTryCompileExec1357685479.dir/CheckFunctionExists.c.o   -c /usr/share/cmake-2.8/Modules/CheckFunctionExists.c
Linking C executable cmTryCompileExec1357685479
/usr/bin/cmake -E cmake_link_script CMakeFiles/cmTryCompileExec1357685479.dir/link.txt --verbose=1
/usr/bin/cc   -DCHECK_FUNCTION_EXISTS=pthread_create    CMakeFiles/cmTryCompileExec1357685479.dir/CheckFunctionExists.c.o  -o cmTryCompileExec1357685479 -rdynamic -lpthreads 
/usr/bin/ld: kan ikke finde -lpthreads
collect2: error: ld returned 1 exit status
make[1]: *** [cmTryCompileExec1357685479] Fejl 1
make[1]: Forlader katalog '/home/exchizz/ROS/Projects/UAV/mavlink/build/CMakeFiles/CMakeTmp'
make: *** [cmTryCompileExec1357685479/fast] Fejl 2


